<?xml version="1.0" encoding="UTF-8"?>
<!-- Generated by org.testng.reporters.JUnitReportReporter -->
<testsuite skipped="0" hostname="Bhavins-MacBook-Pro.local" name="week5.day1.testNG.TestngSample" tests="1" failures="0" timestamp="2024-02-28T21:43:15 SGT" time="13.049" errors="0">
  <testcase name="loginPage" time="13.049" classname="week5.day1.testNG.TestngSample"/>
  <system-out/>
</testsuite> <!-- week5.day1.testNG.TestngSample -->
